<?xml version="1.0" encoding="UTF-8"?>
<!-- Generated by org.testng.reporters.JUnitReportReporter -->
<testsuite hostname="ITWS72" failures="0" tests="5" name="com.lbrce.cse.UserValidationTest" time="0.019" errors="0" timestamp="2023-10-27T15:03:33 IST" skipped="0">
  <testcase classname="com.lbrce.cse.UserValidationTest" name="testCase3" time="0.001"/>
  <testcase classname="com.lbrce.cse.UserValidationTest" name="testCase2" time="0.000"/>
  <testcase classname="com.lbrce.cse.UserValidationTest" name="testCase5" time="0.001"/>
  <testcase classname="com.lbrce.cse.UserValidationTest" name="testCase1" time="0.017"/>
  <testcase classname="com.lbrce.cse.UserValidationTest" name="testCase4" time="0.000"/>
</testsuite> <!-- com.lbrce.cse.UserValidationTest -->
